Loading required package: nonparGraphTesting
Loading required package: hitandrun
Installing package into ‘/cis/home/jagterb1/R/x86_64-pc-linux-gnu-library/3.4’
(as ‘lib’ is unspecified)
also installing the dependency ‘rcdd’

  % Total    % Received % Xferd  Average Speed   Time    Time     Time  Current
                                 Dload  Upload   Total   Spent    Left  Speed
  0     0    0     0    0     0      0      0 --:--:-- --:--:-- --:--:--     0  2  583k    2 16454    0     0  26573      0  0:00:22 --:--:--  0:00:22 26581100  583k  100  583k    0     0   606k      0 --:--:-- --:--:-- --:--:--  606k
  % Total    % Received % Xferd  Average Speed   Time    Time     Time  Current
                                 Dload  Upload   Total   Spent    Left  Speed
  0     0    0     0    0     0      0      0 --:--:-- --:--:-- --:--:--     0 86 23907   86 20710    0     0  34295      0 --:--:-- --:--:-- --:--:-- 34288100 23907  100 23907    0     0  39572      0 --:--:-- --:--:-- --:--:-- 39581
* installing *source* package ‘rcdd’ ...
** package ‘rcdd’ successfully unpacked and MD5 sums checked
checking for gcc... gcc -std=gnu99
checking whether the C compiler works... yes
checking for C compiler default output file name... a.out
checking for suffix of executables... 
checking whether we are cross compiling... no
checking for suffix of object files... o
checking whether we are using the GNU C compiler... yes
checking whether gcc -std=gnu99 accepts -g... yes
checking for gcc -std=gnu99 option to accept ISO C89... none needed
checking for __gmpz_init in -lgmp... yes
configure: creating ./config.status
config.status: creating src/Makevars
** libs
gcc -std=gnu99 -I/opt/microsoft/ropen/3.4.3/lib64/R/include -DNDEBUG -DGMPRATIONAL  -I/usr/local/include -DU_STATIC_IMPLEMENTATION  -fvisibility=hidden -fpic  -DU_STATIC_IMPLEMENTATION -g -O2  -c allfaces.c -o allfaces.o
gcc -std=gnu99 -I/opt/microsoft/ropen/3.4.3/lib64/R/include -DNDEBUG -DGMPRATIONAL  -I/usr/local/include -DU_STATIC_IMPLEMENTATION  -fvisibility=hidden -fpic  -DU_STATIC_IMPLEMENTATION -g -O2  -c allfaces_f.c -o allfaces_f.o
gcc -std=gnu99 -I/opt/microsoft/ropen/3.4.3/lib64/R/include -DNDEBUG -DGMPRATIONAL  -I/usr/local/include -DU_STATIC_IMPLEMENTATION  -fvisibility=hidden -fpic  -DU_STATIC_IMPLEMENTATION -g -O2  -c cddcore.c -o cddcore.o
gcc -std=gnu99 -I/opt/microsoft/ropen/3.4.3/lib64/R/include -DNDEBUG -DGMPRATIONAL  -I/usr/local/include -DU_STATIC_IMPLEMENTATION  -fvisibility=hidden -fpic  -DU_STATIC_IMPLEMENTATION -g -O2  -c cddcore_f.c -o cddcore_f.o
gcc -std=gnu99 -I/opt/microsoft/ropen/3.4.3/lib64/R/include -DNDEBUG -DGMPRATIONAL  -I/usr/local/include -DU_STATIC_IMPLEMENTATION  -fvisibility=hidden -fpic  -DU_STATIC_IMPLEMENTATION -g -O2  -c cddio.c -o cddio.o
gcc -std=gnu99 -I/opt/microsoft/ropen/3.4.3/lib64/R/include -DNDEBUG -DGMPRATIONAL  -I/usr/local/include -DU_STATIC_IMPLEMENTATION  -fvisibility=hidden -fpic  -DU_STATIC_IMPLEMENTATION -g -O2  -c cddio_f.c -o cddio_f.o
gcc -std=gnu99 -I/opt/microsoft/ropen/3.4.3/lib64/R/include -DNDEBUG -DGMPRATIONAL  -I/usr/local/include -DU_STATIC_IMPLEMENTATION  -fvisibility=hidden -fpic  -DU_STATIC_IMPLEMENTATION -g -O2  -c cddlib.c -o cddlib.o
gcc -std=gnu99 -I/opt/microsoft/ropen/3.4.3/lib64/R/include -DNDEBUG -DGMPRATIONAL  -I/usr/local/include -DU_STATIC_IMPLEMENTATION  -fvisibility=hidden -fpic  -DU_STATIC_IMPLEMENTATION -g -O2  -c cddlib_f.c -o cddlib_f.o
gcc -std=gnu99 -I/opt/microsoft/ropen/3.4.3/lib64/R/include -DNDEBUG -DGMPRATIONAL  -I/usr/local/include -DU_STATIC_IMPLEMENTATION  -fvisibility=hidden -fpic  -DU_STATIC_IMPLEMENTATION -g -O2  -c cddlp.c -o cddlp.o
gcc -std=gnu99 -I/opt/microsoft/ropen/3.4.3/lib64/R/include -DNDEBUG -DGMPRATIONAL  -I/usr/local/include -DU_STATIC_IMPLEMENTATION  -fvisibility=hidden -fpic  -DU_STATIC_IMPLEMENTATION -g -O2  -c cddlp_f.c -o cddlp_f.o
gcc -std=gnu99 -I/opt/microsoft/ropen/3.4.3/lib64/R/include -DNDEBUG -DGMPRATIONAL  -I/usr/local/include -DU_STATIC_IMPLEMENTATION  -fvisibility=hidden -fpic  -DU_STATIC_IMPLEMENTATION -g -O2  -c cddmp.c -o cddmp.o
gcc -std=gnu99 -I/opt/microsoft/ropen/3.4.3/lib64/R/include -DNDEBUG -DGMPRATIONAL  -I/usr/local/include -DU_STATIC_IMPLEMENTATION  -fvisibility=hidden -fpic  -DU_STATIC_IMPLEMENTATION -g -O2  -c cddmp_f.c -o cddmp_f.o
gcc -std=gnu99 -I/opt/microsoft/ropen/3.4.3/lib64/R/include -DNDEBUG -DGMPRATIONAL  -I/usr/local/include -DU_STATIC_IMPLEMENTATION  -fvisibility=hidden -fpic  -DU_STATIC_IMPLEMENTATION -g -O2  -c cddproj.c -o cddproj.o
gcc -std=gnu99 -I/opt/microsoft/ropen/3.4.3/lib64/R/include -DNDEBUG -DGMPRATIONAL  -I/usr/local/include -DU_STATIC_IMPLEMENTATION  -fvisibility=hidden -fpic  -DU_STATIC_IMPLEMENTATION -g -O2  -c cddproj_f.c -o cddproj_f.o
gcc -std=gnu99 -I/opt/microsoft/ropen/3.4.3/lib64/R/include -DNDEBUG -DGMPRATIONAL  -I/usr/local/include -DU_STATIC_IMPLEMENTATION  -fvisibility=hidden -fpic  -DU_STATIC_IMPLEMENTATION -g -O2  -c d2q.c -o d2q.o
gcc -std=gnu99 -I/opt/microsoft/ropen/3.4.3/lib64/R/include -DNDEBUG -DGMPRATIONAL  -I/usr/local/include -DU_STATIC_IMPLEMENTATION  -fvisibility=hidden -fpic  -DU_STATIC_IMPLEMENTATION -g -O2  -c die.c -o die.o
gcc -std=gnu99 -I/opt/microsoft/ropen/3.4.3/lib64/R/include -DNDEBUG -DGMPRATIONAL  -I/usr/local/include -DU_STATIC_IMPLEMENTATION  -fvisibility=hidden -fpic  -DU_STATIC_IMPLEMENTATION -g -O2  -c init.c -o init.o
gcc -std=gnu99 -I/opt/microsoft/ropen/3.4.3/lib64/R/include -DNDEBUG -DGMPRATIONAL  -I/usr/local/include -DU_STATIC_IMPLEMENTATION  -fvisibility=hidden -fpic  -DU_STATIC_IMPLEMENTATION -g -O2  -c linearity.c -o linearity.o
gcc -std=gnu99 -I/opt/microsoft/ropen/3.4.3/lib64/R/include -DNDEBUG -DGMPRATIONAL  -I/usr/local/include -DU_STATIC_IMPLEMENTATION  -fvisibility=hidden -fpic  -DU_STATIC_IMPLEMENTATION -g -O2  -c linearity_f.c -o linearity_f.o
gcc -std=gnu99 -I/opt/microsoft/ropen/3.4.3/lib64/R/include -DNDEBUG -DGMPRATIONAL  -I/usr/local/include -DU_STATIC_IMPLEMENTATION  -fvisibility=hidden -fpic  -DU_STATIC_IMPLEMENTATION -g -O2  -c lpcdd.c -o lpcdd.o
gcc -std=gnu99 -I/opt/microsoft/ropen/3.4.3/lib64/R/include -DNDEBUG -DGMPRATIONAL  -I/usr/local/include -DU_STATIC_IMPLEMENTATION  -fvisibility=hidden -fpic  -DU_STATIC_IMPLEMENTATION -g -O2  -c lpcdd_f.c -o lpcdd_f.o
gcc -std=gnu99 -I/opt/microsoft/ropen/3.4.3/lib64/R/include -DNDEBUG -DGMPRATIONAL  -I/usr/local/include -DU_STATIC_IMPLEMENTATION  -fvisibility=hidden -fpic  -DU_STATIC_IMPLEMENTATION -g -O2  -c my_unif_rand.c -o my_unif_rand.o
gcc -std=gnu99 -I/opt/microsoft/ropen/3.4.3/lib64/R/include -DNDEBUG -DGMPRATIONAL  -I/usr/local/include -DU_STATIC_IMPLEMENTATION  -fvisibility=hidden -fpic  -DU_STATIC_IMPLEMENTATION -g -O2  -c mycddio.c -o mycddio.o
gcc -std=gnu99 -I/opt/microsoft/ropen/3.4.3/lib64/R/include -DNDEBUG -DGMPRATIONAL  -I/usr/local/include -DU_STATIC_IMPLEMENTATION  -fvisibility=hidden -fpic  -DU_STATIC_IMPLEMENTATION -g -O2  -c mycddio_f.c -o mycddio_f.o
gcc -std=gnu99 -I/opt/microsoft/ropen/3.4.3/lib64/R/include -DNDEBUG -DGMPRATIONAL  -I/usr/local/include -DU_STATIC_IMPLEMENTATION  -fvisibility=hidden -fpic  -DU_STATIC_IMPLEMENTATION -g -O2  -c nonred.c -o nonred.o
gcc -std=gnu99 -I/opt/microsoft/ropen/3.4.3/lib64/R/include -DNDEBUG -DGMPRATIONAL  -I/usr/local/include -DU_STATIC_IMPLEMENTATION  -fvisibility=hidden -fpic  -DU_STATIC_IMPLEMENTATION -g -O2  -c q2d.c -o q2d.o
gcc -std=gnu99 -I/opt/microsoft/ropen/3.4.3/lib64/R/include -DNDEBUG -DGMPRATIONAL  -I/usr/local/include -DU_STATIC_IMPLEMENTATION  -fvisibility=hidden -fpic  -DU_STATIC_IMPLEMENTATION -g -O2  -c q2q.c -o q2q.o
gcc -std=gnu99 -I/opt/microsoft/ropen/3.4.3/lib64/R/include -DNDEBUG -DGMPRATIONAL  -I/usr/local/include -DU_STATIC_IMPLEMENTATION  -fvisibility=hidden -fpic  -DU_STATIC_IMPLEMENTATION -g -O2  -c qgram.c -o qgram.o
gcc -std=gnu99 -I/opt/microsoft/ropen/3.4.3/lib64/R/include -DNDEBUG -DGMPRATIONAL  -I/usr/local/include -DU_STATIC_IMPLEMENTATION  -fvisibility=hidden -fpic  -DU_STATIC_IMPLEMENTATION -g -O2  -c qmatmult.c -o qmatmult.o
gcc -std=gnu99 -I/opt/microsoft/ropen/3.4.3/lib64/R/include -DNDEBUG -DGMPRATIONAL  -I/usr/local/include -DU_STATIC_IMPLEMENTATION  -fvisibility=hidden -fpic  -DU_STATIC_IMPLEMENTATION -g -O2  -c qmin.c -o qmin.o
gcc -std=gnu99 -I/opt/microsoft/ropen/3.4.3/lib64/R/include -DNDEBUG -DGMPRATIONAL  -I/usr/local/include -DU_STATIC_IMPLEMENTATION  -fvisibility=hidden -fpic  -DU_STATIC_IMPLEMENTATION -g -O2  -c qo.c -o qo.o
gcc -std=gnu99 -I/opt/microsoft/ropen/3.4.3/lib64/R/include -DNDEBUG -DGMPRATIONAL  -I/usr/local/include -DU_STATIC_IMPLEMENTATION  -fvisibility=hidden -fpic  -DU_STATIC_IMPLEMENTATION -g -O2  -c qoq.c -o qoq.o
gcc -std=gnu99 -I/opt/microsoft/ropen/3.4.3/lib64/R/include -DNDEBUG -DGMPRATIONAL  -I/usr/local/include -DU_STATIC_IMPLEMENTATION  -fvisibility=hidden -fpic  -DU_STATIC_IMPLEMENTATION -g -O2  -c qsign.c -o qsign.o
gcc -std=gnu99 -I/opt/microsoft/ropen/3.4.3/lib64/R/include -DNDEBUG -DGMPRATIONAL  -I/usr/local/include -DU_STATIC_IMPLEMENTATION  -fvisibility=hidden -fpic  -DU_STATIC_IMPLEMENTATION -g -O2  -c qsump.c -o qsump.o
gcc -std=gnu99 -I/opt/microsoft/ropen/3.4.3/lib64/R/include -DNDEBUG -DGMPRATIONAL  -I/usr/local/include -DU_STATIC_IMPLEMENTATION  -fvisibility=hidden -fpic  -DU_STATIC_IMPLEMENTATION -g -O2  -c redund.c -o redund.o
gcc -std=gnu99 -I/opt/microsoft/ropen/3.4.3/lib64/R/include -DNDEBUG -DGMPRATIONAL  -I/usr/local/include -DU_STATIC_IMPLEMENTATION  -fvisibility=hidden -fpic  -DU_STATIC_IMPLEMENTATION -g -O2  -c redund_f.c -o redund_f.o
gcc -std=gnu99 -I/opt/microsoft/ropen/3.4.3/lib64/R/include -DNDEBUG -DGMPRATIONAL  -I/usr/local/include -DU_STATIC_IMPLEMENTATION  -fvisibility=hidden -fpic  -DU_STATIC_IMPLEMENTATION -g -O2  -c scdd.c -o scdd.o
gcc -std=gnu99 -I/opt/microsoft/ropen/3.4.3/lib64/R/include -DNDEBUG -DGMPRATIONAL  -I/usr/local/include -DU_STATIC_IMPLEMENTATION  -fvisibility=hidden -fpic  -DU_STATIC_IMPLEMENTATION -g -O2  -c scdd_f.c -o scdd_f.o
gcc -std=gnu99 -I/opt/microsoft/ropen/3.4.3/lib64/R/include -DNDEBUG -DGMPRATIONAL  -I/usr/local/include -DU_STATIC_IMPLEMENTATION  -fvisibility=hidden -fpic  -DU_STATIC_IMPLEMENTATION -g -O2  -c setoper.c -o setoper.o
gcc -std=gnu99 -shared -L/usr/local/lib64 -o rcdd.so allfaces.o allfaces_f.o cddcore.o cddcore_f.o cddio.o cddio_f.o cddlib.o cddlib_f.o cddlp.o cddlp_f.o cddmp.o cddmp_f.o cddproj.o cddproj_f.o d2q.o die.o init.o linearity.o linearity_f.o lpcdd.o lpcdd_f.o my_unif_rand.o mycddio.o mycddio_f.o nonred.o q2d.o q2q.o qgram.o qmatmult.o qmin.o qo.o qoq.o qsign.o qsump.o redund.o redund_f.o scdd.o scdd_f.o setoper.o -lgmp
installing to /cis/home/jagterb1/R/x86_64-pc-linux-gnu-library/3.4/rcdd/libs
** R
** inst
** preparing package for lazy loading
** help
*** installing help indices
** building package indices
** installing vignettes
** testing if installed package can be loaded
* DONE (rcdd)
* installing *source* package ‘hitandrun’ ...
** package ‘hitandrun’ successfully unpacked and MD5 sums checked
** libs
gcc -std=gnu99 -I/opt/microsoft/ropen/3.4.3/lib64/R/include -DNDEBUG   -I/usr/local/include -DU_STATIC_IMPLEMENTATION   -fpic  -DU_STATIC_IMPLEMENTATION -g -O2  -c har.c -o har.o
gcc -std=gnu99 -I/opt/microsoft/ropen/3.4.3/lib64/R/include -DNDEBUG   -I/usr/local/include -DU_STATIC_IMPLEMENTATION   -fpic  -DU_STATIC_IMPLEMENTATION -g -O2  -c bound.c -o bound.o
gcc -std=gnu99 -I/opt/microsoft/ropen/3.4.3/lib64/R/include -DNDEBUG   -I/usr/local/include -DU_STATIC_IMPLEMENTATION   -fpic  -DU_STATIC_IMPLEMENTATION -g -O2  -c hit.c -o hit.o
gcc -std=gnu99 -I/opt/microsoft/ropen/3.4.3/lib64/R/include -DNDEBUG   -I/usr/local/include -DU_STATIC_IMPLEMENTATION   -fpic  -DU_STATIC_IMPLEMENTATION -g -O2  -c randDir.c -o randDir.o
gcc -std=gnu99 -I/opt/microsoft/ropen/3.4.3/lib64/R/include -DNDEBUG   -I/usr/local/include -DU_STATIC_IMPLEMENTATION   -fpic  -DU_STATIC_IMPLEMENTATION -g -O2  -c bbReject.c -o bbReject.o
gcc -std=gnu99 -I/opt/microsoft/ropen/3.4.3/lib64/R/include -DNDEBUG   -I/usr/local/include -DU_STATIC_IMPLEMENTATION   -fpic  -DU_STATIC_IMPLEMENTATION -g -O2  -c simplexSample.c -o simplexSample.o
gcc -std=gnu99 -I/opt/microsoft/ropen/3.4.3/lib64/R/include -DNDEBUG   -I/usr/local/include -DU_STATIC_IMPLEMENTATION   -fpic  -DU_STATIC_IMPLEMENTATION -g -O2  -c hypersphereSample.c -o hypersphereSample.o
gcc -std=gnu99 -I/opt/microsoft/ropen/3.4.3/lib64/R/include -DNDEBUG   -I/usr/local/include -DU_STATIC_IMPLEMENTATION   -fpic  -DU_STATIC_IMPLEMENTATION -g -O2  -c sab.c -o sab.o
gcc -std=gnu99 -I/opt/microsoft/ropen/3.4.3/lib64/R/include -DNDEBUG   -I/usr/local/include -DU_STATIC_IMPLEMENTATION   -fpic  -DU_STATIC_IMPLEMENTATION -g -O2  -c rsabDir.c -o rsabDir.o
gcc -std=gnu99 -I/opt/microsoft/ropen/3.4.3/lib64/R/include -DNDEBUG   -I/usr/local/include -DU_STATIC_IMPLEMENTATION   -fpic  -DU_STATIC_IMPLEMENTATION -g -O2  -c intersect.c -o intersect.o
gcc -std=gnu99 -shared -L/usr/local/lib64 -o hitandrun.so har.o bound.o hit.o randDir.o bbReject.o simplexSample.o hypersphereSample.o sab.o rsabDir.o intersect.o -L/opt/microsoft/ropen/3.4.3/lib64/R/lib -lRblas -lgfortran -lm -lquadmath
installing to /cis/home/jagterb1/R/x86_64-pc-linux-gnu-library/3.4/hitandrun/libs
** R
** preparing package for lazy loading
** help
*** installing help indices
** building package indices
** testing if installed package can be loaded
* DONE (hitandrun)

The downloaded source packages are in
	‘/tmp/Rtmp0UE2sg/downloaded_packages’
Warning message:
In library(package, lib.loc = lib.loc, character.only = TRUE, logical.return = TRUE,  :
  there is no package called ‘hitandrun’
Loading required package: irlba
Loading required package: Matrix
Loading required package: igraph
Loading required package: methods

Attaching package: ‘igraph’

The following objects are masked from ‘package:stats’:

    decompose, spectrum

The following object is masked from ‘package:base’:

    union

Loading required package: Rcpp
[1] "n = 100"
[1] "Run: 1 out of 50 for n = 100"
[1] "Run: 2 out of 50 for n = 100"
[1] "Run: 3 out of 50 for n = 100"
[1] "Run: 4 out of 50 for n = 100"
[1] "Run: 5 out of 50 for n = 100"
[1] "Run: 6 out of 50 for n = 100"
[1] "Run: 7 out of 50 for n = 100"
[1] "Run: 8 out of 50 for n = 100"
[1] "Run: 9 out of 50 for n = 100"
[1] "Run: 10 out of 50 for n = 100"
[1] "Run: 11 out of 50 for n = 100"
[1] "Run: 12 out of 50 for n = 100"
[1] "Run: 13 out of 50 for n = 100"
[1] "Run: 14 out of 50 for n = 100"
[1] "Run: 15 out of 50 for n = 100"
[1] "Run: 16 out of 50 for n = 100"
[1] "Run: 17 out of 50 for n = 100"
[1] "Run: 18 out of 50 for n = 100"
[1] "Run: 19 out of 50 for n = 100"
[1] "Run: 20 out of 50 for n = 100"
[1] "Run: 21 out of 50 for n = 100"
[1] "Run: 22 out of 50 for n = 100"
[1] "Run: 23 out of 50 for n = 100"
[1] "Run: 24 out of 50 for n = 100"
[1] "Run: 25 out of 50 for n = 100"
[1] "Run: 26 out of 50 for n = 100"
[1] "Run: 27 out of 50 for n = 100"
[1] "Run: 28 out of 50 for n = 100"
[1] "Run: 29 out of 50 for n = 100"
[1] "Run: 30 out of 50 for n = 100"
[1] "Run: 31 out of 50 for n = 100"
[1] "Run: 32 out of 50 for n = 100"
[1] "Run: 33 out of 50 for n = 100"
[1] "Run: 34 out of 50 for n = 100"
[1] "Run: 35 out of 50 for n = 100"
[1] "Run: 36 out of 50 for n = 100"
[1] "Run: 37 out of 50 for n = 100"
[1] "Run: 38 out of 50 for n = 100"
[1] "Run: 39 out of 50 for n = 100"
[1] "Run: 40 out of 50 for n = 100"
[1] "Run: 41 out of 50 for n = 100"
[1] "Run: 42 out of 50 for n = 100"
[1] "Run: 43 out of 50 for n = 100"
[1] "Run: 44 out of 50 for n = 100"
[1] "Run: 45 out of 50 for n = 100"
[1] "Run: 46 out of 50 for n = 100"
[1] "Run: 47 out of 50 for n = 100"
[1] "Run: 48 out of 50 for n = 100"
[1] "Run: 49 out of 50 for n = 100"
[1] "Run: 50 out of 50 for n = 100"
[1] "n = 200"
[1] "Run: 1 out of 50 for n = 200"
[1] "Run: 2 out of 50 for n = 200"
[1] "Run: 3 out of 50 for n = 200"
[1] "Run: 4 out of 50 for n = 200"
[1] "Run: 5 out of 50 for n = 200"
[1] "Run: 6 out of 50 for n = 200"
[1] "Run: 7 out of 50 for n = 200"
[1] "Run: 8 out of 50 for n = 200"
[1] "Run: 9 out of 50 for n = 200"
[1] "Run: 10 out of 50 for n = 200"
[1] "Run: 11 out of 50 for n = 200"
[1] "Run: 12 out of 50 for n = 200"
[1] "Run: 13 out of 50 for n = 200"
[1] "Run: 14 out of 50 for n = 200"
[1] "Run: 15 out of 50 for n = 200"
[1] "Run: 16 out of 50 for n = 200"
[1] "Run: 17 out of 50 for n = 200"
[1] "Run: 18 out of 50 for n = 200"
[1] "Run: 19 out of 50 for n = 200"
[1] "Run: 20 out of 50 for n = 200"
[1] "Run: 21 out of 50 for n = 200"
[1] "Run: 22 out of 50 for n = 200"
[1] "Run: 23 out of 50 for n = 200"
[1] "Run: 24 out of 50 for n = 200"
[1] "Run: 25 out of 50 for n = 200"
[1] "Run: 26 out of 50 for n = 200"
[1] "Run: 27 out of 50 for n = 200"
[1] "Run: 28 out of 50 for n = 200"
[1] "Run: 29 out of 50 for n = 200"
[1] "Run: 30 out of 50 for n = 200"
[1] "Run: 31 out of 50 for n = 200"
[1] "Run: 32 out of 50 for n = 200"
[1] "Run: 33 out of 50 for n = 200"
[1] "Run: 34 out of 50 for n = 200"
[1] "Run: 35 out of 50 for n = 200"
[1] "Run: 36 out of 50 for n = 200"
[1] "Run: 37 out of 50 for n = 200"
[1] "Run: 38 out of 50 for n = 200"
[1] "Run: 39 out of 50 for n = 200"
[1] "Run: 40 out of 50 for n = 200"
[1] "Run: 41 out of 50 for n = 200"
[1] "Run: 42 out of 50 for n = 200"
[1] "Run: 43 out of 50 for n = 200"
[1] "Run: 44 out of 50 for n = 200"
[1] "Run: 45 out of 50 for n = 200"
[1] "Run: 46 out of 50 for n = 200"
[1] "Run: 47 out of 50 for n = 200"
[1] "Run: 48 out of 50 for n = 200"
[1] "Run: 49 out of 50 for n = 200"
[1] "Run: 50 out of 50 for n = 200"
[1] "n = 300"
[1] "Run: 1 out of 50 for n = 300"
[1] "Run: 2 out of 50 for n = 300"
[1] "Run: 3 out of 50 for n = 300"
[1] "Run: 4 out of 50 for n = 300"
[1] "Run: 5 out of 50 for n = 300"
[1] "Run: 6 out of 50 for n = 300"
[1] "Run: 7 out of 50 for n = 300"
[1] "Run: 8 out of 50 for n = 300"
[1] "Run: 9 out of 50 for n = 300"
[1] "Run: 10 out of 50 for n = 300"
[1] "Run: 11 out of 50 for n = 300"
[1] "Run: 12 out of 50 for n = 300"
[1] "Run: 13 out of 50 for n = 300"
[1] "Run: 14 out of 50 for n = 300"
[1] "Run: 15 out of 50 for n = 300"
[1] "Run: 16 out of 50 for n = 300"
[1] "Run: 17 out of 50 for n = 300"
[1] "Run: 18 out of 50 for n = 300"
[1] "Run: 19 out of 50 for n = 300"
[1] "Run: 20 out of 50 for n = 300"
[1] "Run: 21 out of 50 for n = 300"
[1] "Run: 22 out of 50 for n = 300"
[1] "Run: 23 out of 50 for n = 300"
[1] "Run: 24 out of 50 for n = 300"
[1] "Run: 25 out of 50 for n = 300"
[1] "Run: 26 out of 50 for n = 300"
[1] "Run: 27 out of 50 for n = 300"
[1] "Run: 28 out of 50 for n = 300"
[1] "Run: 29 out of 50 for n = 300"
[1] "Run: 30 out of 50 for n = 300"
[1] "Run: 31 out of 50 for n = 300"
[1] "Run: 32 out of 50 for n = 300"
[1] "Run: 33 out of 50 for n = 300"
[1] "Run: 34 out of 50 for n = 300"
[1] "Run: 35 out of 50 for n = 300"
[1] "Run: 36 out of 50 for n = 300"
[1] "Run: 37 out of 50 for n = 300"
[1] "Run: 38 out of 50 for n = 300"
[1] "Run: 39 out of 50 for n = 300"
[1] "Run: 40 out of 50 for n = 300"
[1] "Run: 41 out of 50 for n = 300"
[1] "Run: 42 out of 50 for n = 300"
[1] "Run: 43 out of 50 for n = 300"
[1] "Run: 44 out of 50 for n = 300"
[1] "Run: 45 out of 50 for n = 300"
[1] "Run: 46 out of 50 for n = 300"
[1] "Run: 47 out of 50 for n = 300"
[1] "Run: 48 out of 50 for n = 300"
[1] "Run: 49 out of 50 for n = 300"
[1] "Run: 50 out of 50 for n = 300"
[1] "n = 400"
[1] "Run: 1 out of 50 for n = 400"
[1] "Run: 2 out of 50 for n = 400"
[1] "Run: 3 out of 50 for n = 400"
[1] "Run: 4 out of 50 for n = 400"
[1] "Run: 5 out of 50 for n = 400"
[1] "Run: 6 out of 50 for n = 400"
[1] "Run: 7 out of 50 for n = 400"
[1] "Run: 8 out of 50 for n = 400"
[1] "Run: 9 out of 50 for n = 400"
[1] "Run: 10 out of 50 for n = 400"
[1] "Run: 11 out of 50 for n = 400"
[1] "Run: 12 out of 50 for n = 400"
[1] "Run: 13 out of 50 for n = 400"
[1] "Run: 14 out of 50 for n = 400"
[1] "Run: 15 out of 50 for n = 400"
[1] "Run: 16 out of 50 for n = 400"
[1] "Run: 17 out of 50 for n = 400"
[1] "Run: 18 out of 50 for n = 400"
[1] "Run: 19 out of 50 for n = 400"
[1] "Run: 20 out of 50 for n = 400"
[1] "Run: 21 out of 50 for n = 400"
[1] "Run: 22 out of 50 for n = 400"
[1] "Run: 23 out of 50 for n = 400"
[1] "Run: 24 out of 50 for n = 400"
[1] "Run: 25 out of 50 for n = 400"
[1] "Run: 26 out of 50 for n = 400"
[1] "Run: 27 out of 50 for n = 400"
[1] "Run: 28 out of 50 for n = 400"
[1] "Run: 29 out of 50 for n = 400"
[1] "Run: 30 out of 50 for n = 400"
[1] "Run: 31 out of 50 for n = 400"
[1] "Run: 32 out of 50 for n = 400"
[1] "Run: 33 out of 50 for n = 400"
[1] "Run: 34 out of 50 for n = 400"
[1] "Run: 35 out of 50 for n = 400"
[1] "Run: 36 out of 50 for n = 400"
[1] "Run: 37 out of 50 for n = 400"
[1] "Run: 38 out of 50 for n = 400"
[1] "Run: 39 out of 50 for n = 400"
[1] "Run: 40 out of 50 for n = 400"
[1] "Run: 41 out of 50 for n = 400"
[1] "Run: 42 out of 50 for n = 400"
[1] "Run: 43 out of 50 for n = 400"
[1] "Run: 44 out of 50 for n = 400"
[1] "Run: 45 out of 50 for n = 400"
[1] "Run: 46 out of 50 for n = 400"
[1] "Run: 47 out of 50 for n = 400"
[1] "Run: 48 out of 50 for n = 400"
[1] "Run: 49 out of 50 for n = 400"
[1] "Run: 50 out of 50 for n = 400"
[1] "n = 500"
[1] "Run: 1 out of 50 for n = 500"
[1] "Run: 2 out of 50 for n = 500"
[1] "Run: 3 out of 50 for n = 500"
[1] "Run: 4 out of 50 for n = 500"
[1] "Run: 5 out of 50 for n = 500"
[1] "Run: 6 out of 50 for n = 500"
[1] "Run: 7 out of 50 for n = 500"
[1] "Run: 8 out of 50 for n = 500"
[1] "Run: 9 out of 50 for n = 500"
[1] "Run: 10 out of 50 for n = 500"
[1] "Run: 11 out of 50 for n = 500"
[1] "Run: 12 out of 50 for n = 500"
[1] "Run: 13 out of 50 for n = 500"
[1] "Run: 14 out of 50 for n = 500"
[1] "Run: 15 out of 50 for n = 500"
[1] "Run: 16 out of 50 for n = 500"
[1] "Run: 17 out of 50 for n = 500"
[1] "Run: 18 out of 50 for n = 500"
[1] "Run: 19 out of 50 for n = 500"
[1] "Run: 20 out of 50 for n = 500"
[1] "Run: 21 out of 50 for n = 500"
[1] "Run: 22 out of 50 for n = 500"
[1] "Run: 23 out of 50 for n = 500"
[1] "Run: 24 out of 50 for n = 500"
[1] "Run: 25 out of 50 for n = 500"
[1] "Run: 26 out of 50 for n = 500"
[1] "Run: 27 out of 50 for n = 500"
[1] "Run: 28 out of 50 for n = 500"
[1] "Run: 29 out of 50 for n = 500"
[1] "Run: 30 out of 50 for n = 500"
[1] "Run: 31 out of 50 for n = 500"
[1] "Run: 32 out of 50 for n = 500"
[1] "Run: 33 out of 50 for n = 500"
[1] "Run: 34 out of 50 for n = 500"
[1] "Run: 35 out of 50 for n = 500"
[1] "Run: 36 out of 50 for n = 500"
[1] "Run: 37 out of 50 for n = 500"
[1] "Run: 38 out of 50 for n = 500"
[1] "Run: 39 out of 50 for n = 500"
[1] "Run: 40 out of 50 for n = 500"
[1] "Run: 41 out of 50 for n = 500"
[1] "Run: 42 out of 50 for n = 500"
[1] "Run: 43 out of 50 for n = 500"
[1] "Run: 44 out of 50 for n = 500"
[1] "Run: 45 out of 50 for n = 500"
[1] "Run: 46 out of 50 for n = 500"
[1] "Run: 47 out of 50 for n = 500"
[1] "Run: 48 out of 50 for n = 500"
[1] "Run: 49 out of 50 for n = 500"
[1] "Run: 50 out of 50 for n = 500"
[1] "n = 600"
[1] "Run: 1 out of 50 for n = 600"
[1] "Run: 2 out of 50 for n = 600"
[1] "Run: 3 out of 50 for n = 600"
[1] "Run: 4 out of 50 for n = 600"
[1] "Run: 5 out of 50 for n = 600"
[1] "Run: 6 out of 50 for n = 600"
[1] "Run: 7 out of 50 for n = 600"
[1] "Run: 8 out of 50 for n = 600"
[1] "Run: 9 out of 50 for n = 600"
[1] "Run: 10 out of 50 for n = 600"
[1] "Run: 11 out of 50 for n = 600"
[1] "Run: 12 out of 50 for n = 600"
[1] "Run: 13 out of 50 for n = 600"
[1] "Run: 14 out of 50 for n = 600"
[1] "Run: 15 out of 50 for n = 600"
[1] "Run: 16 out of 50 for n = 600"
[1] "Run: 17 out of 50 for n = 600"
[1] "Run: 18 out of 50 for n = 600"
[1] "Run: 19 out of 50 for n = 600"
[1] "Run: 20 out of 50 for n = 600"
[1] "Run: 21 out of 50 for n = 600"
[1] "Run: 22 out of 50 for n = 600"
[1] "Run: 23 out of 50 for n = 600"
[1] "Run: 24 out of 50 for n = 600"
[1] "Run: 25 out of 50 for n = 600"
[1] "Run: 26 out of 50 for n = 600"
[1] "Run: 27 out of 50 for n = 600"
[1] "Run: 28 out of 50 for n = 600"
[1] "Run: 29 out of 50 for n = 600"
[1] "Run: 30 out of 50 for n = 600"
[1] "Run: 31 out of 50 for n = 600"
[1] "Run: 32 out of 50 for n = 600"
[1] "Run: 33 out of 50 for n = 600"
[1] "Run: 34 out of 50 for n = 600"
[1] "Run: 35 out of 50 for n = 600"
[1] "Run: 36 out of 50 for n = 600"
[1] "Run: 37 out of 50 for n = 600"
[1] "Run: 38 out of 50 for n = 600"
[1] "Run: 39 out of 50 for n = 600"
[1] "Run: 40 out of 50 for n = 600"
[1] "Run: 41 out of 50 for n = 600"
[1] "Run: 42 out of 50 for n = 600"
[1] "Run: 43 out of 50 for n = 600"
[1] "Run: 44 out of 50 for n = 600"
[1] "Run: 45 out of 50 for n = 600"
[1] "Run: 46 out of 50 for n = 600"
[1] "Run: 47 out of 50 for n = 600"
[1] "Run: 48 out of 50 for n = 600"
[1] "Run: 49 out of 50 for n = 600"
[1] "Run: 50 out of 50 for n = 600"
[1] "n = 700"
[1] "Run: 1 out of 50 for n = 700"
[1] "Run: 2 out of 50 for n = 700"
[1] "Run: 3 out of 50 for n = 700"
[1] "Run: 4 out of 50 for n = 700"
[1] "Run: 5 out of 50 for n = 700"
[1] "Run: 6 out of 50 for n = 700"
[1] "Run: 7 out of 50 for n = 700"
[1] "Run: 8 out of 50 for n = 700"
[1] "Run: 9 out of 50 for n = 700"
[1] "Run: 10 out of 50 for n = 700"
[1] "Run: 11 out of 50 for n = 700"
[1] "Run: 12 out of 50 for n = 700"
[1] "Run: 13 out of 50 for n = 700"
[1] "Run: 14 out of 50 for n = 700"
[1] "Run: 15 out of 50 for n = 700"
[1] "Run: 16 out of 50 for n = 700"
[1] "Run: 17 out of 50 for n = 700"
[1] "Run: 18 out of 50 for n = 700"
[1] "Run: 19 out of 50 for n = 700"
[1] "Run: 20 out of 50 for n = 700"
[1] "Run: 21 out of 50 for n = 700"
[1] "Run: 22 out of 50 for n = 700"
[1] "Run: 23 out of 50 for n = 700"
[1] "Run: 24 out of 50 for n = 700"
[1] "Run: 25 out of 50 for n = 700"
[1] "Run: 26 out of 50 for n = 700"
[1] "Run: 27 out of 50 for n = 700"
[1] "Run: 28 out of 50 for n = 700"
[1] "Run: 29 out of 50 for n = 700"
[1] "Run: 30 out of 50 for n = 700"
[1] "Run: 31 out of 50 for n = 700"
[1] "Run: 32 out of 50 for n = 700"
[1] "Run: 33 out of 50 for n = 700"
[1] "Run: 34 out of 50 for n = 700"
[1] "Run: 35 out of 50 for n = 700"
[1] "Run: 36 out of 50 for n = 700"
[1] "Run: 37 out of 50 for n = 700"
[1] "Run: 38 out of 50 for n = 700"
[1] "Run: 39 out of 50 for n = 700"
[1] "Run: 40 out of 50 for n = 700"
[1] "Run: 41 out of 50 for n = 700"
[1] "Run: 42 out of 50 for n = 700"
[1] "Run: 43 out of 50 for n = 700"
[1] "Run: 44 out of 50 for n = 700"
[1] "Run: 45 out of 50 for n = 700"
[1] "Run: 46 out of 50 for n = 700"
[1] "Run: 47 out of 50 for n = 700"
[1] "Run: 48 out of 50 for n = 700"
[1] "Run: 49 out of 50 for n = 700"
[1] "Run: 50 out of 50 for n = 700"
[1] "n = 800"
[1] "Run: 1 out of 50 for n = 800"
[1] "Run: 2 out of 50 for n = 800"
[1] "Run: 3 out of 50 for n = 800"
[1] "Run: 4 out of 50 for n = 800"
[1] "Run: 5 out of 50 for n = 800"
[1] "Run: 6 out of 50 for n = 800"
[1] "Run: 7 out of 50 for n = 800"
[1] "Run: 8 out of 50 for n = 800"
[1] "Run: 9 out of 50 for n = 800"
[1] "Run: 10 out of 50 for n = 800"
[1] "Run: 11 out of 50 for n = 800"
[1] "Run: 12 out of 50 for n = 800"
[1] "Run: 13 out of 50 for n = 800"
[1] "Run: 14 out of 50 for n = 800"
[1] "Run: 15 out of 50 for n = 800"
[1] "Run: 16 out of 50 for n = 800"
[1] "Run: 17 out of 50 for n = 800"
[1] "Run: 18 out of 50 for n = 800"
[1] "Run: 19 out of 50 for n = 800"
[1] "Run: 20 out of 50 for n = 800"
[1] "Run: 21 out of 50 for n = 800"
[1] "Run: 22 out of 50 for n = 800"
[1] "Run: 23 out of 50 for n = 800"
[1] "Run: 24 out of 50 for n = 800"
[1] "Run: 25 out of 50 for n = 800"
[1] "Run: 26 out of 50 for n = 800"
[1] "Run: 27 out of 50 for n = 800"
[1] "Run: 28 out of 50 for n = 800"
[1] "Run: 29 out of 50 for n = 800"
[1] "Run: 30 out of 50 for n = 800"
[1] "Run: 31 out of 50 for n = 800"
[1] "Run: 32 out of 50 for n = 800"
[1] "Run: 33 out of 50 for n = 800"
[1] "Run: 34 out of 50 for n = 800"
[1] "Run: 35 out of 50 for n = 800"
[1] "Run: 36 out of 50 for n = 800"
[1] "Run: 37 out of 50 for n = 800"
[1] "Run: 38 out of 50 for n = 800"
[1] "Run: 39 out of 50 for n = 800"
[1] "Run: 40 out of 50 for n = 800"
[1] "Run: 41 out of 50 for n = 800"
[1] "Run: 42 out of 50 for n = 800"
[1] "Run: 43 out of 50 for n = 800"
[1] "Run: 44 out of 50 for n = 800"
[1] "Run: 45 out of 50 for n = 800"
[1] "Run: 46 out of 50 for n = 800"
[1] "Run: 47 out of 50 for n = 800"
[1] "Run: 48 out of 50 for n = 800"
[1] "Run: 49 out of 50 for n = 800"
[1] "Run: 50 out of 50 for n = 800"
[1] "n = 900"
[1] "Run: 1 out of 50 for n = 900"
[1] "Run: 2 out of 50 for n = 900"
[1] "Run: 3 out of 50 for n = 900"
[1] "Run: 4 out of 50 for n = 900"
[1] "Run: 5 out of 50 for n = 900"
[1] "Run: 6 out of 50 for n = 900"
[1] "Run: 7 out of 50 for n = 900"
[1] "Run: 8 out of 50 for n = 900"
[1] "Run: 9 out of 50 for n = 900"
[1] "Run: 10 out of 50 for n = 900"
[1] "Run: 11 out of 50 for n = 900"
[1] "Run: 12 out of 50 for n = 900"
[1] "Run: 13 out of 50 for n = 900"
[1] "Run: 14 out of 50 for n = 900"
[1] "Run: 15 out of 50 for n = 900"
[1] "Run: 16 out of 50 for n = 900"
[1] "Run: 17 out of 50 for n = 900"
[1] "Run: 18 out of 50 for n = 900"
[1] "Run: 19 out of 50 for n = 900"
[1] "Run: 20 out of 50 for n = 900"
[1] "Run: 21 out of 50 for n = 900"
[1] "Run: 22 out of 50 for n = 900"
[1] "Run: 23 out of 50 for n = 900"
[1] "Run: 24 out of 50 for n = 900"
[1] "Run: 25 out of 50 for n = 900"
[1] "Run: 26 out of 50 for n = 900"
[1] "Run: 27 out of 50 for n = 900"
[1] "Run: 28 out of 50 for n = 900"
[1] "Run: 29 out of 50 for n = 900"
[1] "Run: 30 out of 50 for n = 900"
[1] "Run: 31 out of 50 for n = 900"
[1] "Run: 32 out of 50 for n = 900"
[1] "Run: 33 out of 50 for n = 900"
[1] "Run: 34 out of 50 for n = 900"
[1] "Run: 35 out of 50 for n = 900"
[1] "Run: 36 out of 50 for n = 900"
[1] "Run: 37 out of 50 for n = 900"
[1] "Run: 38 out of 50 for n = 900"
[1] "Run: 39 out of 50 for n = 900"
[1] "Run: 40 out of 50 for n = 900"
[1] "Run: 41 out of 50 for n = 900"
[1] "Run: 42 out of 50 for n = 900"
[1] "Run: 43 out of 50 for n = 900"
[1] "Run: 44 out of 50 for n = 900"
[1] "Run: 45 out of 50 for n = 900"
[1] "Run: 46 out of 50 for n = 900"
[1] "Run: 47 out of 50 for n = 900"
[1] "Run: 48 out of 50 for n = 900"
[1] "Run: 49 out of 50 for n = 900"
[1] "Run: 50 out of 50 for n = 900"
[1] "n = 1000"
[1] "Run: 1 out of 50 for n = 1000"
[1] "Run: 2 out of 50 for n = 1000"
[1] "Run: 3 out of 50 for n = 1000"
[1] "Run: 4 out of 50 for n = 1000"
[1] "Run: 5 out of 50 for n = 1000"
[1] "Run: 6 out of 50 for n = 1000"
[1] "Run: 7 out of 50 for n = 1000"
[1] "Run: 8 out of 50 for n = 1000"
[1] "Run: 9 out of 50 for n = 1000"
[1] "Run: 10 out of 50 for n = 1000"
[1] "Run: 11 out of 50 for n = 1000"
[1] "Run: 12 out of 50 for n = 1000"
[1] "Run: 13 out of 50 for n = 1000"
[1] "Run: 14 out of 50 for n = 1000"
[1] "Run: 15 out of 50 for n = 1000"
[1] "Run: 16 out of 50 for n = 1000"
[1] "Run: 17 out of 50 for n = 1000"
[1] "Run: 18 out of 50 for n = 1000"
[1] "Run: 19 out of 50 for n = 1000"
[1] "Run: 20 out of 50 for n = 1000"
[1] "Run: 21 out of 50 for n = 1000"
[1] "Run: 22 out of 50 for n = 1000"
[1] "Run: 23 out of 50 for n = 1000"
[1] "Run: 24 out of 50 for n = 1000"
[1] "Run: 25 out of 50 for n = 1000"
[1] "Run: 26 out of 50 for n = 1000"
[1] "Run: 27 out of 50 for n = 1000"
[1] "Run: 28 out of 50 for n = 1000"
[1] "Run: 29 out of 50 for n = 1000"
[1] "Run: 30 out of 50 for n = 1000"
[1] "Run: 31 out of 50 for n = 1000"
[1] "Run: 32 out of 50 for n = 1000"
[1] "Run: 33 out of 50 for n = 1000"
[1] "Run: 34 out of 50 for n = 1000"
[1] "Run: 35 out of 50 for n = 1000"
[1] "Run: 36 out of 50 for n = 1000"
[1] "Run: 37 out of 50 for n = 1000"
[1] "Run: 38 out of 50 for n = 1000"
[1] "Run: 39 out of 50 for n = 1000"
[1] "Run: 40 out of 50 for n = 1000"
[1] "Run: 41 out of 50 for n = 1000"
[1] "Run: 42 out of 50 for n = 1000"
[1] "Run: 43 out of 50 for n = 1000"
[1] "Run: 44 out of 50 for n = 1000"
[1] "Run: 45 out of 50 for n = 1000"
[1] "Run: 46 out of 50 for n = 1000"
[1] "Run: 47 out of 50 for n = 1000"
[1] "Run: 48 out of 50 for n = 1000"
[1] "Run: 49 out of 50 for n = 1000"
[1] "Run: 50 out of 50 for n = 1000"
